2024-03-10 13:23:35,472 - root - INFO - Epoch 12; loss: 95.01275634765625; CER: 0.836434006690979; WER: 1.0267202854156494; val_loss: 77.63907623291016; val_CER: 0.7339059710502625; val_WER: 1.0012208223342896
2024-03-10 13:23:38,339 - tf2onnx.tfonnx - INFO - Using tensorflow=2.10.0, onnx=1.15.0, tf2onnx=1.16.1/15c810
2024-03-10 13:23:38,339 - tf2onnx.tfonnx - INFO - Using opset <onnx, 15>
2024-03-10 13:23:38,526 - tf2onnx.tf_utils - INFO - Computed 0 values for constant folding
2024-03-10 13:23:38,526 - tf2onnx.tf_utils - INFO - Computed 0 values for constant folding
2024-03-10 13:23:38,542 - tf2onnx.tf_utils - INFO - Computed 0 values for constant folding
2024-03-10 13:23:38,542 - tf2onnx.tf_utils - INFO - Computed 0 values for constant folding
2024-03-10 13:23:38,542 - tf2onnx.tf_utils - INFO - Computed 0 values for constant folding
2024-03-10 13:23:38,557 - tf2onnx.tf_utils - INFO - Computed 0 values for constant folding
2024-03-10 13:23:38,557 - tf2onnx.tf_utils - INFO - Computed 0 values for constant folding
2024-03-10 13:23:38,557 - tf2onnx.tf_utils - INFO - Computed 0 values for constant folding
2024-03-10 13:23:38,642 - tf2onnx.tf_utils - INFO - Computed 2 values for constant folding
2024-03-10 13:23:38,769 - tf2onnx.tfonnx - INFO - folding node using tf type=StridedSlice, name=model/bidirectional/forward_lstm/PartitionedCall/strided_slice
2024-03-10 13:23:38,769 - tf2onnx.tfonnx - INFO - folding node using tf type=StridedSlice, name=model/bidirectional/backward_lstm/PartitionedCall/strided_slice
2024-03-10 13:23:39,081 - tf2onnx.optimizer - INFO - Optimizing ONNX model
2024-03-10 13:23:40,207 - tf2onnx.optimizer - INFO - After optimization: BatchNormalization -14 (14->0), Cast -8 (17->9), Concat -8 (17->9), Const -157 (217->60), Expand -6 (8->2), Gather +3 (2->5), Identity -2 (2->0), Shape -2 (6->4), Slice -2 (9->7), Squeeze -5 (9->4), Transpose -68 (72->4), Unsqueeze -25 (29->4)
2024-03-10 13:53:14,342 - root - INFO - Epoch 13; loss: 73.90706634521484; CER: 0.6677921414375305; WER: 0.9775516390800476; val_loss: 65.7102279663086; val_CER: 0.5875729918479919; val_WER: 0.8949049115180969
2024-03-10 13:53:16,266 - tf2onnx.tfonnx - INFO - Using tensorflow=2.10.0, onnx=1.15.0, tf2onnx=1.16.1/15c810
2024-03-10 13:53:16,267 - tf2onnx.tfonnx - INFO - Using opset <onnx, 15>
2024-03-10 13:53:16,408 - tf2onnx.tf_utils - INFO - Computed 0 values for constant folding
2024-03-10 13:53:16,408 - tf2onnx.tf_utils - INFO - Computed 0 values for constant folding
2024-03-10 13:53:16,423 - tf2onnx.tf_utils - INFO - Computed 0 values for constant folding
2024-03-10 13:53:16,423 - tf2onnx.tf_utils - INFO - Computed 0 values for constant folding
2024-03-10 13:53:16,423 - tf2onnx.tf_utils - INFO - Computed 0 values for constant folding
2024-03-10 13:53:16,423 - tf2onnx.tf_utils - INFO - Computed 0 values for constant folding
2024-03-10 13:53:16,423 - tf2onnx.tf_utils - INFO - Computed 0 values for constant folding
2024-03-10 13:53:16,439 - tf2onnx.tf_utils - INFO - Computed 0 values for constant folding
2024-03-10 13:53:16,498 - tf2onnx.tf_utils - INFO - Computed 2 values for constant folding
2024-03-10 13:53:16,599 - tf2onnx.tfonnx - INFO - folding node using tf type=StridedSlice, name=model/bidirectional/forward_lstm/PartitionedCall/strided_slice
2024-03-10 13:53:16,599 - tf2onnx.tfonnx - INFO - folding node using tf type=StridedSlice, name=model/bidirectional/backward_lstm/PartitionedCall/strided_slice
2024-03-10 13:53:16,816 - tf2onnx.optimizer - INFO - Optimizing ONNX model
2024-03-10 13:53:17,834 - tf2onnx.optimizer - INFO - After optimization: BatchNormalization -14 (14->0), Cast -8 (17->9), Concat -8 (17->9), Const -157 (217->60), Expand -6 (8->2), Gather +3 (2->5), Identity -2 (2->0), Shape -2 (6->4), Slice -2 (9->7), Squeeze -5 (9->4), Transpose -68 (72->4), Unsqueeze -25 (29->4)
2024-03-10 14:21:12,687 - root - INFO - Epoch 14; loss: 67.99826049804688; CER: 0.6007492542266846; WER: 0.9343810677528381; val_loss: 57.522216796875; val_CER: 0.5093374848365784; val_WER: 0.846048891544342
2024-03-10 14:21:14,613 - tf2onnx.tfonnx - INFO - Using tensorflow=2.10.0, onnx=1.15.0, tf2onnx=1.16.1/15c810
2024-03-10 14:21:14,613 - tf2onnx.tfonnx - INFO - Using opset <onnx, 15>
2024-03-10 14:21:14,770 - tf2onnx.tf_utils - INFO - Computed 0 values for constant folding
2024-03-10 14:21:14,770 - tf2onnx.tf_utils - INFO - Computed 0 values for constant folding
2024-03-10 14:21:14,770 - tf2onnx.tf_utils - INFO - Computed 0 values for constant folding
2024-03-10 14:21:14,770 - tf2onnx.tf_utils - INFO - Computed 0 values for constant folding
2024-03-10 14:21:14,785 - tf2onnx.tf_utils - INFO - Computed 0 values for constant folding
2024-03-10 14:21:14,785 - tf2onnx.tf_utils - INFO - Computed 0 values for constant folding
2024-03-10 14:21:14,785 - tf2onnx.tf_utils - INFO - Computed 0 values for constant folding
2024-03-10 14:21:14,785 - tf2onnx.tf_utils - INFO - Computed 0 values for constant folding
2024-03-10 14:21:14,860 - tf2onnx.tf_utils - INFO - Computed 2 values for constant folding
2024-03-10 14:21:14,972 - tf2onnx.tfonnx - INFO - folding node using tf type=StridedSlice, name=model/bidirectional/forward_lstm/PartitionedCall/strided_slice
2024-03-10 14:21:14,972 - tf2onnx.tfonnx - INFO - folding node using tf type=StridedSlice, name=model/bidirectional/backward_lstm/PartitionedCall/strided_slice
2024-03-10 14:21:15,181 - tf2onnx.optimizer - INFO - Optimizing ONNX model
2024-03-10 14:21:15,901 - tf2onnx.optimizer - INFO - After optimization: BatchNormalization -14 (14->0), Cast -8 (17->9), Concat -8 (17->9), Const -157 (217->60), Expand -6 (8->2), Gather +3 (2->5), Identity -2 (2->0), Shape -2 (6->4), Slice -2 (9->7), Squeeze -5 (9->4), Transpose -68 (72->4), Unsqueeze -25 (29->4)
2024-03-10 14:49:09,899 - root - INFO - Epoch 15; loss: 59.81194305419922; CER: 0.525598406791687; WER: 0.8788267970085144; val_loss: 49.526710510253906; val_CER: 0.43198296427726746; val_WER: 0.8029588460922241
2024-03-10 14:49:12,418 - tf2onnx.tfonnx - INFO - Using tensorflow=2.10.0, onnx=1.15.0, tf2onnx=1.16.1/15c810
2024-03-10 14:49:12,418 - tf2onnx.tfonnx - INFO - Using opset <onnx, 15>
2024-03-10 14:49:12,591 - tf2onnx.tf_utils - INFO - Computed 0 values for constant folding
2024-03-10 14:49:12,591 - tf2onnx.tf_utils - INFO - Computed 0 values for constant folding
2024-03-10 14:49:12,591 - tf2onnx.tf_utils - INFO - Computed 0 values for constant folding
2024-03-10 14:49:12,591 - tf2onnx.tf_utils - INFO - Computed 0 values for constant folding
2024-03-10 14:49:12,606 - tf2onnx.tf_utils - INFO - Computed 0 values for constant folding
2024-03-10 14:49:12,606 - tf2onnx.tf_utils - INFO - Computed 0 values for constant folding
2024-03-10 14:49:12,606 - tf2onnx.tf_utils - INFO - Computed 0 values for constant folding
2024-03-10 14:49:12,606 - tf2onnx.tf_utils - INFO - Computed 0 values for constant folding
2024-03-10 14:49:12,682 - tf2onnx.tf_utils - INFO - Computed 2 values for constant folding
2024-03-10 14:49:12,784 - tf2onnx.tfonnx - INFO - folding node using tf type=StridedSlice, name=model/bidirectional/forward_lstm/PartitionedCall/strided_slice
2024-03-10 14:49:12,784 - tf2onnx.tfonnx - INFO - folding node using tf type=StridedSlice, name=model/bidirectional/backward_lstm/PartitionedCall/strided_slice
2024-03-10 14:49:12,997 - tf2onnx.optimizer - INFO - Optimizing ONNX model
2024-03-10 14:49:13,688 - tf2onnx.optimizer - INFO - After optimization: BatchNormalization -14 (14->0), Cast -8 (17->9), Concat -8 (17->9), Const -157 (217->60), Expand -6 (8->2), Gather +3 (2->5), Identity -2 (2->0), Shape -2 (6->4), Slice -2 (9->7), Squeeze -5 (9->4), Transpose -68 (72->4), Unsqueeze -25 (29->4)
2024-03-10 15:17:09,523 - root - INFO - Epoch 16; loss: 54.571346282958984; CER: 0.48090752959251404; WER: 0.8493968844413757; val_loss: 48.078643798828125; val_CER: 0.4432051479816437; val_WER: 0.7877233028411865
2024-03-10 15:17:12,003 - tf2onnx.tfonnx - INFO - Using tensorflow=2.10.0, onnx=1.15.0, tf2onnx=1.16.1/15c810
2024-03-10 15:17:12,003 - tf2onnx.tfonnx - INFO - Using opset <onnx, 15>
2024-03-10 15:17:12,144 - tf2onnx.tf_utils - INFO - Computed 0 values for constant folding
2024-03-10 15:17:12,159 - tf2onnx.tf_utils - INFO - Computed 0 values for constant folding
2024-03-10 15:17:12,159 - tf2onnx.tf_utils - INFO - Computed 0 values for constant folding
2024-03-10 15:17:12,159 - tf2onnx.tf_utils - INFO - Computed 0 values for constant folding
2024-03-10 15:17:12,159 - tf2onnx.tf_utils - INFO - Computed 0 values for constant folding
2024-03-10 15:17:12,175 - tf2onnx.tf_utils - INFO - Computed 0 values for constant folding
2024-03-10 15:17:12,175 - tf2onnx.tf_utils - INFO - Computed 0 values for constant folding
2024-03-10 15:17:12,175 - tf2onnx.tf_utils - INFO - Computed 0 values for constant folding
2024-03-10 15:17:12,245 - tf2onnx.tf_utils - INFO - Computed 2 values for constant folding
2024-03-10 15:17:12,348 - tf2onnx.tfonnx - INFO - folding node using tf type=StridedSlice, name=model/bidirectional/forward_lstm/PartitionedCall/strided_slice
2024-03-10 15:17:12,348 - tf2onnx.tfonnx - INFO - folding node using tf type=StridedSlice, name=model/bidirectional/backward_lstm/PartitionedCall/strided_slice
2024-03-10 15:17:12,567 - tf2onnx.optimizer - INFO - Optimizing ONNX model
2024-03-10 15:17:13,302 - tf2onnx.optimizer - INFO - After optimization: BatchNormalization -14 (14->0), Cast -8 (17->9), Concat -8 (17->9), Const -157 (217->60), Expand -6 (8->2), Gather +3 (2->5), Identity -2 (2->0), Shape -2 (6->4), Slice -2 (9->7), Squeeze -5 (9->4), Transpose -68 (72->4), Unsqueeze -25 (29->4)
2024-03-10 15:45:07,493 - root - INFO - Epoch 17; loss: 55.76468276977539; CER: 0.49091094732284546; WER: 0.8518014550209045; val_loss: 52.60480499267578; val_CER: 0.4626277685165405; val_WER: 0.809611976146698
2024-03-10 15:45:09,690 - tf2onnx.tfonnx - INFO - Using tensorflow=2.10.0, onnx=1.15.0, tf2onnx=1.16.1/15c810
2024-03-10 15:45:09,690 - tf2onnx.tfonnx - INFO - Using opset <onnx, 15>
2024-03-10 15:45:09,831 - tf2onnx.tf_utils - INFO - Computed 0 values for constant folding
2024-03-10 15:45:09,846 - tf2onnx.tf_utils - INFO - Computed 0 values for constant folding
2024-03-10 15:45:09,846 - tf2onnx.tf_utils - INFO - Computed 0 values for constant folding
2024-03-10 15:45:09,846 - tf2onnx.tf_utils - INFO - Computed 0 values for constant folding
2024-03-10 15:45:09,846 - tf2onnx.tf_utils - INFO - Computed 0 values for constant folding
2024-03-10 15:45:09,862 - tf2onnx.tf_utils - INFO - Computed 0 values for constant folding
2024-03-10 15:45:09,862 - tf2onnx.tf_utils - INFO - Computed 0 values for constant folding
2024-03-10 15:45:09,862 - tf2onnx.tf_utils - INFO - Computed 0 values for constant folding
2024-03-10 15:45:09,935 - tf2onnx.tf_utils - INFO - Computed 2 values for constant folding
2024-03-10 15:45:10,042 - tf2onnx.tfonnx - INFO - folding node using tf type=StridedSlice, name=model/bidirectional/forward_lstm/PartitionedCall/strided_slice
2024-03-10 15:45:10,042 - tf2onnx.tfonnx - INFO - folding node using tf type=StridedSlice, name=model/bidirectional/backward_lstm/PartitionedCall/strided_slice
2024-03-10 15:45:10,255 - tf2onnx.optimizer - INFO - Optimizing ONNX model
2024-03-10 15:45:10,990 - tf2onnx.optimizer - INFO - After optimization: BatchNormalization -14 (14->0), Cast -8 (17->9), Concat -8 (17->9), Const -157 (217->60), Expand -6 (8->2), Gather +3 (2->5), Identity -2 (2->0), Shape -2 (6->4), Slice -2 (9->7), Squeeze -5 (9->4), Transpose -68 (72->4), Unsqueeze -25 (29->4)
2024-03-10 16:13:33,282 - root - INFO - Epoch 18; loss: 55.7473258972168; CER: 0.48949137330055237; WER: 0.8516858816146851; val_loss: 48.40885543823242; val_CER: 0.4353969395160675; val_WER: 0.8027236461639404
2024-03-10 16:13:35,208 - tf2onnx.tfonnx - INFO - Using tensorflow=2.10.0, onnx=1.15.0, tf2onnx=1.16.1/15c810
2024-03-10 16:13:35,208 - tf2onnx.tfonnx - INFO - Using opset <onnx, 15>
2024-03-10 16:13:35,365 - tf2onnx.tf_utils - INFO - Computed 0 values for constant folding
2024-03-10 16:13:35,365 - tf2onnx.tf_utils - INFO - Computed 0 values for constant folding
2024-03-10 16:13:35,365 - tf2onnx.tf_utils - INFO - Computed 0 values for constant folding
2024-03-10 16:13:35,365 - tf2onnx.tf_utils - INFO - Computed 0 values for constant folding
2024-03-10 16:13:35,380 - tf2onnx.tf_utils - INFO - Computed 0 values for constant folding
2024-03-10 16:13:35,380 - tf2onnx.tf_utils - INFO - Computed 0 values for constant folding
2024-03-10 16:13:35,380 - tf2onnx.tf_utils - INFO - Computed 0 values for constant folding
2024-03-10 16:13:35,380 - tf2onnx.tf_utils - INFO - Computed 0 values for constant folding
2024-03-10 16:13:35,455 - tf2onnx.tf_utils - INFO - Computed 2 values for constant folding
2024-03-10 16:13:35,560 - tf2onnx.tfonnx - INFO - folding node using tf type=StridedSlice, name=model/bidirectional/forward_lstm/PartitionedCall/strided_slice
2024-03-10 16:13:35,560 - tf2onnx.tfonnx - INFO - folding node using tf type=StridedSlice, name=model/bidirectional/backward_lstm/PartitionedCall/strided_slice
2024-03-10 16:13:35,773 - tf2onnx.optimizer - INFO - Optimizing ONNX model
2024-03-10 16:13:36,837 - tf2onnx.optimizer - INFO - After optimization: BatchNormalization -14 (14->0), Cast -8 (17->9), Concat -8 (17->9), Const -157 (217->60), Expand -6 (8->2), Gather +3 (2->5), Identity -2 (2->0), Shape -2 (6->4), Slice -2 (9->7), Squeeze -5 (9->4), Transpose -68 (72->4), Unsqueeze -25 (29->4)
2024-03-10 16:41:36,435 - root - INFO - Epoch 19; loss: 56.77034378051758; CER: 0.4970419704914093; WER: 0.8593876361846924; val_loss: 53.157447814941406; val_CER: 0.4741269052028656; val_WER: 0.8127846121788025
2024-03-10 16:41:38,349 - tf2onnx.tfonnx - INFO - Using tensorflow=2.10.0, onnx=1.15.0, tf2onnx=1.16.1/15c810
2024-03-10 16:41:38,349 - tf2onnx.tfonnx - INFO - Using opset <onnx, 15>
2024-03-10 16:41:38,488 - tf2onnx.tf_utils - INFO - Computed 0 values for constant folding
2024-03-10 16:41:38,488 - tf2onnx.tf_utils - INFO - Computed 0 values for constant folding
2024-03-10 16:41:38,504 - tf2onnx.tf_utils - INFO - Computed 0 values for constant folding
2024-03-10 16:41:38,504 - tf2onnx.tf_utils - INFO - Computed 0 values for constant folding
2024-03-10 16:41:38,504 - tf2onnx.tf_utils - INFO - Computed 0 values for constant folding
2024-03-10 16:41:38,504 - tf2onnx.tf_utils - INFO - Computed 0 values for constant folding
2024-03-10 16:41:38,504 - tf2onnx.tf_utils - INFO - Computed 0 values for constant folding
2024-03-10 16:41:38,504 - tf2onnx.tf_utils - INFO - Computed 0 values for constant folding
2024-03-10 16:41:38,582 - tf2onnx.tf_utils - INFO - Computed 2 values for constant folding
2024-03-10 16:41:38,680 - tf2onnx.tfonnx - INFO - folding node using tf type=StridedSlice, name=model/bidirectional/forward_lstm/PartitionedCall/strided_slice
2024-03-10 16:41:38,680 - tf2onnx.tfonnx - INFO - folding node using tf type=StridedSlice, name=model/bidirectional/backward_lstm/PartitionedCall/strided_slice
2024-03-10 16:41:38,895 - tf2onnx.optimizer - INFO - Optimizing ONNX model
2024-03-10 16:41:39,884 - tf2onnx.optimizer - INFO - After optimization: BatchNormalization -14 (14->0), Cast -8 (17->9), Concat -8 (17->9), Const -157 (217->60), Expand -6 (8->2), Gather +3 (2->5), Identity -2 (2->0), Shape -2 (6->4), Slice -2 (9->7), Squeeze -5 (9->4), Transpose -68 (72->4), Unsqueeze -25 (29->4)
2024-03-10 16:41:41,966 - tf2onnx.tfonnx - INFO - Using tensorflow=2.10.0, onnx=1.15.0, tf2onnx=1.16.1/15c810
2024-03-10 16:41:41,966 - tf2onnx.tfonnx - INFO - Using opset <onnx, 15>
2024-03-10 16:41:42,112 - tf2onnx.tf_utils - INFO - Computed 0 values for constant folding
2024-03-10 16:41:42,112 - tf2onnx.tf_utils - INFO - Computed 0 values for constant folding
2024-03-10 16:41:42,128 - tf2onnx.tf_utils - INFO - Computed 0 values for constant folding
2024-03-10 16:41:42,128 - tf2onnx.tf_utils - INFO - Computed 0 values for constant folding
2024-03-10 16:41:42,128 - tf2onnx.tf_utils - INFO - Computed 0 values for constant folding
2024-03-10 16:41:42,143 - tf2onnx.tf_utils - INFO - Computed 0 values for constant folding
2024-03-10 16:41:42,143 - tf2onnx.tf_utils - INFO - Computed 0 values for constant folding
2024-03-10 16:41:42,143 - tf2onnx.tf_utils - INFO - Computed 0 values for constant folding
2024-03-10 16:41:42,209 - tf2onnx.tf_utils - INFO - Computed 2 values for constant folding
2024-03-10 16:41:42,318 - tf2onnx.tfonnx - INFO - folding node using tf type=StridedSlice, name=model/bidirectional/forward_lstm/PartitionedCall/strided_slice
2024-03-10 16:41:42,318 - tf2onnx.tfonnx - INFO - folding node using tf type=StridedSlice, name=model/bidirectional/backward_lstm/PartitionedCall/strided_slice
2024-03-10 16:41:42,533 - tf2onnx.optimizer - INFO - Optimizing ONNX model
2024-03-10 16:41:43,553 - tf2onnx.optimizer - INFO - After optimization: BatchNormalization -14 (14->0), Cast -8 (17->9), Concat -8 (17->9), Const -157 (217->60), Expand -6 (8->2), Gather +3 (2->5), Identity -2 (2->0), Shape -2 (6->4), Slice -2 (9->7), Squeeze -5 (9->4), Transpose -68 (72->4), Unsqueeze -25 (29->4)
