2024-03-16 15:41:47,913 - root - INFO - Epoch 0; loss: 67.72203063964844; CER: 0.5330206751823425; WER: 0.9244043827056885; val_loss: 50.18500900268555; val_CER: 0.4399970769882202; val_WER: 0.8271536231040955
2024-03-16 15:41:50,078 - tf2onnx.tfonnx - INFO - Using tensorflow=2.10.0, onnx=1.15.0, tf2onnx=1.16.1/15c810
2024-03-16 15:41:50,078 - tf2onnx.tfonnx - INFO - Using opset <onnx, 15>
2024-03-16 15:41:50,219 - tf2onnx.tf_utils - INFO - Computed 0 values for constant folding
2024-03-16 15:41:50,234 - tf2onnx.tf_utils - INFO - Computed 0 values for constant folding
2024-03-16 15:41:50,234 - tf2onnx.tf_utils - INFO - Computed 0 values for constant folding
2024-03-16 15:41:50,234 - tf2onnx.tf_utils - INFO - Computed 0 values for constant folding
2024-03-16 15:41:50,234 - tf2onnx.tf_utils - INFO - Computed 0 values for constant folding
2024-03-16 15:41:50,250 - tf2onnx.tf_utils - INFO - Computed 0 values for constant folding
2024-03-16 15:41:50,250 - tf2onnx.tf_utils - INFO - Computed 0 values for constant folding
2024-03-16 15:41:50,250 - tf2onnx.tf_utils - INFO - Computed 0 values for constant folding
2024-03-16 15:41:50,323 - tf2onnx.tf_utils - INFO - Computed 2 values for constant folding
2024-03-16 15:41:50,427 - tf2onnx.tfonnx - INFO - folding node using tf type=StridedSlice, name=model/bidirectional/forward_lstm/PartitionedCall/strided_slice
2024-03-16 15:41:50,427 - tf2onnx.tfonnx - INFO - folding node using tf type=StridedSlice, name=model/bidirectional/backward_lstm/PartitionedCall/strided_slice
2024-03-16 15:41:50,641 - tf2onnx.optimizer - INFO - Optimizing ONNX model
2024-03-16 15:41:51,546 - tf2onnx.optimizer - INFO - After optimization: BatchNormalization -14 (14->0), Cast -8 (17->9), Concat -8 (17->9), Const -157 (217->60), Expand -6 (8->2), Gather +3 (2->5), Identity -2 (2->0), Shape -2 (6->4), Slice -2 (9->7), Squeeze -5 (9->4), Transpose -68 (72->4), Unsqueeze -25 (29->4)
2024-03-16 16:10:57,571 - root - INFO - Epoch 1; loss: 55.403987884521484; CER: 0.47205212712287903; WER: 0.8620250821113586; val_loss: 38.57624435424805; val_CER: 0.3439146876335144; val_WER: 0.7315924167633057
2024-03-16 16:10:59,505 - tf2onnx.tfonnx - INFO - Using tensorflow=2.10.0, onnx=1.15.0, tf2onnx=1.16.1/15c810
2024-03-16 16:10:59,505 - tf2onnx.tfonnx - INFO - Using opset <onnx, 15>
2024-03-16 16:10:59,645 - tf2onnx.tf_utils - INFO - Computed 0 values for constant folding
2024-03-16 16:10:59,645 - tf2onnx.tf_utils - INFO - Computed 0 values for constant folding
2024-03-16 16:10:59,645 - tf2onnx.tf_utils - INFO - Computed 0 values for constant folding
2024-03-16 16:10:59,645 - tf2onnx.tf_utils - INFO - Computed 0 values for constant folding
2024-03-16 16:10:59,661 - tf2onnx.tf_utils - INFO - Computed 0 values for constant folding
2024-03-16 16:10:59,661 - tf2onnx.tf_utils - INFO - Computed 0 values for constant folding
2024-03-16 16:10:59,661 - tf2onnx.tf_utils - INFO - Computed 0 values for constant folding
2024-03-16 16:10:59,661 - tf2onnx.tf_utils - INFO - Computed 0 values for constant folding
2024-03-16 16:10:59,732 - tf2onnx.tf_utils - INFO - Computed 2 values for constant folding
2024-03-16 16:10:59,834 - tf2onnx.tfonnx - INFO - folding node using tf type=StridedSlice, name=model/bidirectional/forward_lstm/PartitionedCall/strided_slice
2024-03-16 16:10:59,835 - tf2onnx.tfonnx - INFO - folding node using tf type=StridedSlice, name=model/bidirectional/backward_lstm/PartitionedCall/strided_slice
2024-03-16 16:11:00,053 - tf2onnx.optimizer - INFO - Optimizing ONNX model
2024-03-16 16:11:01,037 - tf2onnx.optimizer - INFO - After optimization: BatchNormalization -14 (14->0), Cast -8 (17->9), Concat -8 (17->9), Const -157 (217->60), Expand -6 (8->2), Gather +3 (2->5), Identity -2 (2->0), Shape -2 (6->4), Slice -2 (9->7), Squeeze -5 (9->4), Transpose -68 (72->4), Unsqueeze -25 (29->4)
2024-03-16 16:40:04,458 - root - INFO - Epoch 2; loss: 50.97710418701172; CER: 0.4397747814655304; WER: 0.8231814503669739; val_loss: 38.74169158935547; val_CER: 0.3501952886581421; val_WER: 0.722874104976654
2024-03-16 16:40:06,448 - tf2onnx.tfonnx - INFO - Using tensorflow=2.10.0, onnx=1.15.0, tf2onnx=1.16.1/15c810
2024-03-16 16:40:06,448 - tf2onnx.tfonnx - INFO - Using opset <onnx, 15>
2024-03-16 16:40:06,590 - tf2onnx.tf_utils - INFO - Computed 0 values for constant folding
2024-03-16 16:40:06,590 - tf2onnx.tf_utils - INFO - Computed 0 values for constant folding
2024-03-16 16:40:06,590 - tf2onnx.tf_utils - INFO - Computed 0 values for constant folding
2024-03-16 16:40:06,606 - tf2onnx.tf_utils - INFO - Computed 0 values for constant folding
2024-03-16 16:40:06,606 - tf2onnx.tf_utils - INFO - Computed 0 values for constant folding
2024-03-16 16:40:06,606 - tf2onnx.tf_utils - INFO - Computed 0 values for constant folding
2024-03-16 16:40:06,606 - tf2onnx.tf_utils - INFO - Computed 0 values for constant folding
2024-03-16 16:40:06,606 - tf2onnx.tf_utils - INFO - Computed 0 values for constant folding
2024-03-16 16:40:06,683 - tf2onnx.tf_utils - INFO - Computed 2 values for constant folding
2024-03-16 16:40:06,781 - tf2onnx.tfonnx - INFO - folding node using tf type=StridedSlice, name=model/bidirectional/forward_lstm/PartitionedCall/strided_slice
2024-03-16 16:40:06,781 - tf2onnx.tfonnx - INFO - folding node using tf type=StridedSlice, name=model/bidirectional/backward_lstm/PartitionedCall/strided_slice
2024-03-16 16:40:06,996 - tf2onnx.optimizer - INFO - Optimizing ONNX model
2024-03-16 16:40:07,714 - tf2onnx.optimizer - INFO - After optimization: BatchNormalization -14 (14->0), Cast -8 (17->9), Concat -8 (17->9), Const -157 (217->60), Expand -6 (8->2), Gather +3 (2->5), Identity -2 (2->0), Shape -2 (6->4), Slice -2 (9->7), Squeeze -5 (9->4), Transpose -68 (72->4), Unsqueeze -25 (29->4)
2024-03-16 17:09:05,718 - root - INFO - Epoch 3; loss: 48.6503791809082; CER: 0.4231390058994293; WER: 0.8048428297042847; val_loss: 36.913658142089844; val_CER: 0.3332270085811615; val_WER: 0.7032256126403809
2024-03-16 17:09:07,984 - tf2onnx.tfonnx - INFO - Using tensorflow=2.10.0, onnx=1.15.0, tf2onnx=1.16.1/15c810
2024-03-16 17:09:07,984 - tf2onnx.tfonnx - INFO - Using opset <onnx, 15>
2024-03-16 17:09:08,126 - tf2onnx.tf_utils - INFO - Computed 0 values for constant folding
2024-03-16 17:09:08,126 - tf2onnx.tf_utils - INFO - Computed 0 values for constant folding
2024-03-16 17:09:08,126 - tf2onnx.tf_utils - INFO - Computed 0 values for constant folding
2024-03-16 17:09:08,126 - tf2onnx.tf_utils - INFO - Computed 0 values for constant folding
2024-03-16 17:09:08,142 - tf2onnx.tf_utils - INFO - Computed 0 values for constant folding
2024-03-16 17:09:08,142 - tf2onnx.tf_utils - INFO - Computed 0 values for constant folding
2024-03-16 17:09:08,142 - tf2onnx.tf_utils - INFO - Computed 0 values for constant folding
2024-03-16 17:09:08,157 - tf2onnx.tf_utils - INFO - Computed 0 values for constant folding
2024-03-16 17:09:08,217 - tf2onnx.tf_utils - INFO - Computed 2 values for constant folding
2024-03-16 17:09:08,321 - tf2onnx.tfonnx - INFO - folding node using tf type=StridedSlice, name=model/bidirectional/forward_lstm/PartitionedCall/strided_slice
2024-03-16 17:09:08,321 - tf2onnx.tfonnx - INFO - folding node using tf type=StridedSlice, name=model/bidirectional/backward_lstm/PartitionedCall/strided_slice
2024-03-16 17:09:08,531 - tf2onnx.optimizer - INFO - Optimizing ONNX model
2024-03-16 17:09:09,252 - tf2onnx.optimizer - INFO - After optimization: BatchNormalization -14 (14->0), Cast -8 (17->9), Concat -8 (17->9), Const -157 (217->60), Expand -6 (8->2), Gather +3 (2->5), Identity -2 (2->0), Shape -2 (6->4), Slice -2 (9->7), Squeeze -5 (9->4), Transpose -68 (72->4), Unsqueeze -25 (29->4)
2024-03-16 17:38:14,554 - root - INFO - Epoch 4; loss: 46.45227813720703; CER: 0.40705782175064087; WER: 0.7910334467887878; val_loss: 33.697574615478516; val_CER: 0.30864158272743225; val_WER: 0.6740463376045227
2024-03-16 17:38:16,774 - tf2onnx.tfonnx - INFO - Using tensorflow=2.10.0, onnx=1.15.0, tf2onnx=1.16.1/15c810
2024-03-16 17:38:16,775 - tf2onnx.tfonnx - INFO - Using opset <onnx, 15>
2024-03-16 17:38:16,918 - tf2onnx.tf_utils - INFO - Computed 0 values for constant folding
2024-03-16 17:38:16,918 - tf2onnx.tf_utils - INFO - Computed 0 values for constant folding
2024-03-16 17:38:16,918 - tf2onnx.tf_utils - INFO - Computed 0 values for constant folding
2024-03-16 17:38:16,918 - tf2onnx.tf_utils - INFO - Computed 0 values for constant folding
2024-03-16 17:38:16,934 - tf2onnx.tf_utils - INFO - Computed 0 values for constant folding
2024-03-16 17:38:16,934 - tf2onnx.tf_utils - INFO - Computed 0 values for constant folding
2024-03-16 17:38:16,934 - tf2onnx.tf_utils - INFO - Computed 0 values for constant folding
2024-03-16 17:38:16,934 - tf2onnx.tf_utils - INFO - Computed 0 values for constant folding
2024-03-16 17:38:17,009 - tf2onnx.tf_utils - INFO - Computed 2 values for constant folding
2024-03-16 17:38:17,114 - tf2onnx.tfonnx - INFO - folding node using tf type=StridedSlice, name=model/bidirectional/forward_lstm/PartitionedCall/strided_slice
2024-03-16 17:38:17,114 - tf2onnx.tfonnx - INFO - folding node using tf type=StridedSlice, name=model/bidirectional/backward_lstm/PartitionedCall/strided_slice
2024-03-16 17:38:17,341 - tf2onnx.optimizer - INFO - Optimizing ONNX model
2024-03-16 17:38:18,078 - tf2onnx.optimizer - INFO - After optimization: BatchNormalization -14 (14->0), Cast -8 (17->9), Concat -8 (17->9), Const -157 (217->60), Expand -6 (8->2), Gather +3 (2->5), Identity -2 (2->0), Shape -2 (6->4), Slice -2 (9->7), Squeeze -5 (9->4), Transpose -68 (72->4), Unsqueeze -25 (29->4)
2024-03-16 18:07:15,279 - root - INFO - Epoch 5; loss: 44.673988342285156; CER: 0.3921641707420349; WER: 0.7682870030403137; val_loss: 31.97174644470215; val_CER: 0.2916797995567322; val_WER: 0.6462284326553345
2024-03-16 18:07:17,441 - tf2onnx.tfonnx - INFO - Using tensorflow=2.10.0, onnx=1.15.0, tf2onnx=1.16.1/15c810
2024-03-16 18:07:17,441 - tf2onnx.tfonnx - INFO - Using opset <onnx, 15>
2024-03-16 18:07:17,597 - tf2onnx.tf_utils - INFO - Computed 0 values for constant folding
2024-03-16 18:07:17,597 - tf2onnx.tf_utils - INFO - Computed 0 values for constant folding
2024-03-16 18:07:17,613 - tf2onnx.tf_utils - INFO - Computed 0 values for constant folding
2024-03-16 18:07:17,613 - tf2onnx.tf_utils - INFO - Computed 0 values for constant folding
2024-03-16 18:07:17,613 - tf2onnx.tf_utils - INFO - Computed 0 values for constant folding
2024-03-16 18:07:17,613 - tf2onnx.tf_utils - INFO - Computed 0 values for constant folding
2024-03-16 18:07:17,613 - tf2onnx.tf_utils - INFO - Computed 0 values for constant folding
2024-03-16 18:07:17,631 - tf2onnx.tf_utils - INFO - Computed 0 values for constant folding
2024-03-16 18:07:17,702 - tf2onnx.tf_utils - INFO - Computed 2 values for constant folding
2024-03-16 18:07:17,806 - tf2onnx.tfonnx - INFO - folding node using tf type=StridedSlice, name=model/bidirectional/forward_lstm/PartitionedCall/strided_slice
2024-03-16 18:07:17,806 - tf2onnx.tfonnx - INFO - folding node using tf type=StridedSlice, name=model/bidirectional/backward_lstm/PartitionedCall/strided_slice
2024-03-16 18:07:18,020 - tf2onnx.optimizer - INFO - Optimizing ONNX model
2024-03-16 18:07:18,748 - tf2onnx.optimizer - INFO - After optimization: BatchNormalization -14 (14->0), Cast -8 (17->9), Concat -8 (17->9), Const -157 (217->60), Expand -6 (8->2), Gather +3 (2->5), Identity -2 (2->0), Shape -2 (6->4), Slice -2 (9->7), Squeeze -5 (9->4), Transpose -68 (72->4), Unsqueeze -25 (29->4)
2024-03-16 18:36:21,815 - root - INFO - Epoch 6; loss: 44.72166442871094; CER: 0.39558011293411255; WER: 0.7717054486274719; val_loss: 42.32586669921875; val_CER: 0.3807732164859772; val_WER: 0.7356764674186707
2024-03-16 18:36:23,767 - tf2onnx.tfonnx - INFO - Using tensorflow=2.10.0, onnx=1.15.0, tf2onnx=1.16.1/15c810
2024-03-16 18:36:23,767 - tf2onnx.tfonnx - INFO - Using opset <onnx, 15>
2024-03-16 18:36:23,909 - tf2onnx.tf_utils - INFO - Computed 0 values for constant folding
2024-03-16 18:36:23,909 - tf2onnx.tf_utils - INFO - Computed 0 values for constant folding
2024-03-16 18:36:23,925 - tf2onnx.tf_utils - INFO - Computed 0 values for constant folding
2024-03-16 18:36:23,925 - tf2onnx.tf_utils - INFO - Computed 0 values for constant folding
2024-03-16 18:36:23,925 - tf2onnx.tf_utils - INFO - Computed 0 values for constant folding
2024-03-16 18:36:23,925 - tf2onnx.tf_utils - INFO - Computed 0 values for constant folding
2024-03-16 18:36:23,925 - tf2onnx.tf_utils - INFO - Computed 0 values for constant folding
2024-03-16 18:36:23,940 - tf2onnx.tf_utils - INFO - Computed 0 values for constant folding
2024-03-16 18:36:24,003 - tf2onnx.tf_utils - INFO - Computed 2 values for constant folding
2024-03-16 18:36:24,104 - tf2onnx.tfonnx - INFO - folding node using tf type=StridedSlice, name=model/bidirectional/forward_lstm/PartitionedCall/strided_slice
2024-03-16 18:36:24,104 - tf2onnx.tfonnx - INFO - folding node using tf type=StridedSlice, name=model/bidirectional/backward_lstm/PartitionedCall/strided_slice
2024-03-16 18:36:24,330 - tf2onnx.optimizer - INFO - Optimizing ONNX model
2024-03-16 18:36:25,332 - tf2onnx.optimizer - INFO - After optimization: BatchNormalization -14 (14->0), Cast -8 (17->9), Concat -8 (17->9), Const -157 (217->60), Expand -6 (8->2), Gather +3 (2->5), Identity -2 (2->0), Shape -2 (6->4), Slice -2 (9->7), Squeeze -5 (9->4), Transpose -68 (72->4), Unsqueeze -25 (29->4)
2024-03-16 19:05:31,977 - root - INFO - Epoch 7; loss: 44.887516021728516; CER: 0.3937801122665405; WER: 0.7709561586380005; val_loss: 31.709318161010742; val_CER: 0.29556795954704285; val_WER: 0.6462292075157166
2024-03-16 19:05:34,179 - tf2onnx.tfonnx - INFO - Using tensorflow=2.10.0, onnx=1.15.0, tf2onnx=1.16.1/15c810
2024-03-16 19:05:34,179 - tf2onnx.tfonnx - INFO - Using opset <onnx, 15>
2024-03-16 19:05:34,337 - tf2onnx.tf_utils - INFO - Computed 0 values for constant folding
2024-03-16 19:05:34,337 - tf2onnx.tf_utils - INFO - Computed 0 values for constant folding
2024-03-16 19:05:34,353 - tf2onnx.tf_utils - INFO - Computed 0 values for constant folding
2024-03-16 19:05:34,353 - tf2onnx.tf_utils - INFO - Computed 0 values for constant folding
2024-03-16 19:05:34,353 - tf2onnx.tf_utils - INFO - Computed 0 values for constant folding
2024-03-16 19:05:34,353 - tf2onnx.tf_utils - INFO - Computed 0 values for constant folding
2024-03-16 19:05:34,353 - tf2onnx.tf_utils - INFO - Computed 0 values for constant folding
2024-03-16 19:05:34,369 - tf2onnx.tf_utils - INFO - Computed 0 values for constant folding
2024-03-16 19:05:34,442 - tf2onnx.tf_utils - INFO - Computed 2 values for constant folding
2024-03-16 19:05:34,544 - tf2onnx.tfonnx - INFO - folding node using tf type=StridedSlice, name=model/bidirectional/forward_lstm/PartitionedCall/strided_slice
2024-03-16 19:05:34,544 - tf2onnx.tfonnx - INFO - folding node using tf type=StridedSlice, name=model/bidirectional/backward_lstm/PartitionedCall/strided_slice
2024-03-16 19:05:34,792 - tf2onnx.optimizer - INFO - Optimizing ONNX model
2024-03-16 19:05:35,908 - tf2onnx.optimizer - INFO - After optimization: BatchNormalization -14 (14->0), Cast -8 (17->9), Concat -8 (17->9), Const -157 (217->60), Expand -6 (8->2), Gather +3 (2->5), Identity -2 (2->0), Shape -2 (6->4), Slice -2 (9->7), Squeeze -5 (9->4), Transpose -68 (72->4), Unsqueeze -25 (29->4)
2024-03-16 19:34:42,156 - root - INFO - Epoch 8; loss: 46.511070251464844; CER: 0.40872663259506226; WER: 0.7869214415550232; val_loss: 34.97036361694336; val_CER: 0.3199444115161896; val_WER: 0.690202534198761
2024-03-16 19:34:44,183 - tf2onnx.tfonnx - INFO - Using tensorflow=2.10.0, onnx=1.15.0, tf2onnx=1.16.1/15c810
2024-03-16 19:34:44,183 - tf2onnx.tfonnx - INFO - Using opset <onnx, 15>
2024-03-16 19:34:44,347 - tf2onnx.tf_utils - INFO - Computed 0 values for constant folding
2024-03-16 19:34:44,347 - tf2onnx.tf_utils - INFO - Computed 0 values for constant folding
2024-03-16 19:34:44,347 - tf2onnx.tf_utils - INFO - Computed 0 values for constant folding
2024-03-16 19:34:44,347 - tf2onnx.tf_utils - INFO - Computed 0 values for constant folding
2024-03-16 19:34:44,347 - tf2onnx.tf_utils - INFO - Computed 0 values for constant folding
2024-03-16 19:34:44,363 - tf2onnx.tf_utils - INFO - Computed 0 values for constant folding
2024-03-16 19:34:44,363 - tf2onnx.tf_utils - INFO - Computed 0 values for constant folding
2024-03-16 19:34:44,363 - tf2onnx.tf_utils - INFO - Computed 0 values for constant folding
2024-03-16 19:34:44,435 - tf2onnx.tf_utils - INFO - Computed 2 values for constant folding
2024-03-16 19:34:44,535 - tf2onnx.tfonnx - INFO - folding node using tf type=StridedSlice, name=model/bidirectional/forward_lstm/PartitionedCall/strided_slice
2024-03-16 19:34:44,535 - tf2onnx.tfonnx - INFO - folding node using tf type=StridedSlice, name=model/bidirectional/backward_lstm/PartitionedCall/strided_slice
2024-03-16 19:34:44,764 - tf2onnx.optimizer - INFO - Optimizing ONNX model
2024-03-16 19:34:45,732 - tf2onnx.optimizer - INFO - After optimization: BatchNormalization -14 (14->0), Cast -8 (17->9), Concat -8 (17->9), Const -157 (217->60), Expand -6 (8->2), Gather +3 (2->5), Identity -2 (2->0), Shape -2 (6->4), Slice -2 (9->7), Squeeze -5 (9->4), Transpose -68 (72->4), Unsqueeze -25 (29->4)
