2024-03-16 13:56:51,200 - root - INFO - Epoch 0; loss: 70.08827209472656; CER: 0.5642733573913574; WER: 0.9368169903755188; val_loss: 45.910911560058594; val_CER: 0.3795584440231323; val_WER: 0.7725554704666138
2024-03-16 13:56:53,466 - tf2onnx.tfonnx - INFO - Using tensorflow=2.10.0, onnx=1.15.0, tf2onnx=1.16.1/15c810
2024-03-16 13:56:53,466 - tf2onnx.tfonnx - INFO - Using opset <onnx, 15>
2024-03-16 13:56:53,623 - tf2onnx.tf_utils - INFO - Computed 0 values for constant folding
2024-03-16 13:56:53,623 - tf2onnx.tf_utils - INFO - Computed 0 values for constant folding
2024-03-16 13:56:53,638 - tf2onnx.tf_utils - INFO - Computed 0 values for constant folding
2024-03-16 13:56:53,638 - tf2onnx.tf_utils - INFO - Computed 0 values for constant folding
2024-03-16 13:56:53,638 - tf2onnx.tf_utils - INFO - Computed 0 values for constant folding
2024-03-16 13:56:53,638 - tf2onnx.tf_utils - INFO - Computed 0 values for constant folding
2024-03-16 13:56:53,654 - tf2onnx.tf_utils - INFO - Computed 0 values for constant folding
2024-03-16 13:56:53,654 - tf2onnx.tf_utils - INFO - Computed 0 values for constant folding
2024-03-16 13:56:53,725 - tf2onnx.tf_utils - INFO - Computed 2 values for constant folding
2024-03-16 13:56:53,826 - tf2onnx.tfonnx - INFO - folding node using tf type=StridedSlice, name=model/bidirectional/forward_lstm/PartitionedCall/strided_slice
2024-03-16 13:56:53,827 - tf2onnx.tfonnx - INFO - folding node using tf type=StridedSlice, name=model/bidirectional/backward_lstm/PartitionedCall/strided_slice
2024-03-16 13:56:54,077 - tf2onnx.optimizer - INFO - Optimizing ONNX model
2024-03-16 13:56:55,250 - tf2onnx.optimizer - INFO - After optimization: BatchNormalization -14 (14->0), Cast -8 (17->9), Concat -8 (17->9), Const -157 (217->60), Expand -6 (8->2), Gather +3 (2->5), Identity -2 (2->0), Shape -2 (6->4), Slice -2 (9->7), Squeeze -5 (9->4), Transpose -68 (72->4), Unsqueeze -25 (29->4)
2024-03-16 14:26:51,486 - root - INFO - Epoch 1; loss: 51.562591552734375; CER: 0.4413151741027832; WER: 0.832984983921051; val_loss: 42.18313217163086; val_CER: 0.3613756000995636; val_WER: 0.7370038032531738
2024-03-16 14:26:53,407 - tf2onnx.tfonnx - INFO - Using tensorflow=2.10.0, onnx=1.15.0, tf2onnx=1.16.1/15c810
2024-03-16 14:26:53,407 - tf2onnx.tfonnx - INFO - Using opset <onnx, 15>
2024-03-16 14:26:53,547 - tf2onnx.tf_utils - INFO - Computed 0 values for constant folding
2024-03-16 14:26:53,547 - tf2onnx.tf_utils - INFO - Computed 0 values for constant folding
2024-03-16 14:26:53,563 - tf2onnx.tf_utils - INFO - Computed 0 values for constant folding
2024-03-16 14:26:53,563 - tf2onnx.tf_utils - INFO - Computed 0 values for constant folding
2024-03-16 14:26:53,563 - tf2onnx.tf_utils - INFO - Computed 0 values for constant folding
2024-03-16 14:26:53,563 - tf2onnx.tf_utils - INFO - Computed 0 values for constant folding
2024-03-16 14:26:53,578 - tf2onnx.tf_utils - INFO - Computed 0 values for constant folding
2024-03-16 14:26:53,578 - tf2onnx.tf_utils - INFO - Computed 0 values for constant folding
2024-03-16 14:26:53,639 - tf2onnx.tf_utils - INFO - Computed 2 values for constant folding
2024-03-16 14:26:53,741 - tf2onnx.tfonnx - INFO - folding node using tf type=StridedSlice, name=model/bidirectional/forward_lstm/PartitionedCall/strided_slice
2024-03-16 14:26:53,741 - tf2onnx.tfonnx - INFO - folding node using tf type=StridedSlice, name=model/bidirectional/backward_lstm/PartitionedCall/strided_slice
2024-03-16 14:26:53,959 - tf2onnx.optimizer - INFO - Optimizing ONNX model
2024-03-16 14:26:54,960 - tf2onnx.optimizer - INFO - After optimization: BatchNormalization -14 (14->0), Cast -8 (17->9), Concat -8 (17->9), Const -157 (217->60), Expand -6 (8->2), Gather +3 (2->5), Identity -2 (2->0), Shape -2 (6->4), Slice -2 (9->7), Squeeze -5 (9->4), Transpose -68 (72->4), Unsqueeze -25 (29->4)
